  functions.c
c:\users\lappy\documents\cloned repos\completed-university-work\cpts 122\programmingassignment3-musicmanager\programmingassignment3-musicmanager\functions.c(29): warning C4996: 'strcpy': This function or variable may be unsafe. Consider using strcpy_s instead. To disable deprecation, use _CRT_SECURE_NO_WARNINGS. See online help for details.
  c:\program files (x86)\windows kits\10\include\10.0.10240.0\ucrt\string.h(119): note: see declaration of 'strcpy'
c:\users\lappy\documents\cloned repos\completed-university-work\cpts 122\programmingassignment3-musicmanager\programmingassignment3-musicmanager\functions.c(34): warning C4996: 'strcpy': This function or variable may be unsafe. Consider using strcpy_s instead. To disable deprecation, use _CRT_SECURE_NO_WARNINGS. See online help for details.
  c:\program files (x86)\windows kits\10\include\10.0.10240.0\ucrt\string.h(119): note: see declaration of 'strcpy'
c:\users\lappy\documents\cloned repos\completed-university-work\cpts 122\programmingassignment3-musicmanager\programmingassignment3-musicmanager\functions.c(36): warning C4996: 'strcpy': This function or variable may be unsafe. Consider using strcpy_s instead. To disable deprecation, use _CRT_SECURE_NO_WARNINGS. See online help for details.
  c:\program files (x86)\windows kits\10\include\10.0.10240.0\ucrt\string.h(119): note: see declaration of 'strcpy'
c:\users\lappy\documents\cloned repos\completed-university-work\cpts 122\programmingassignment3-musicmanager\programmingassignment3-musicmanager\functions.c(38): warning C4996: 'strcpy': This function or variable may be unsafe. Consider using strcpy_s instead. To disable deprecation, use _CRT_SECURE_NO_WARNINGS. See online help for details.
  c:\program files (x86)\windows kits\10\include\10.0.10240.0\ucrt\string.h(119): note: see declaration of 'strcpy'
c:\users\lappy\documents\cloned repos\completed-university-work\cpts 122\programmingassignment3-musicmanager\programmingassignment3-musicmanager\functions.c(40): warning C4996: 'strcpy': This function or variable may be unsafe. Consider using strcpy_s instead. To disable deprecation, use _CRT_SECURE_NO_WARNINGS. See online help for details.
  c:\program files (x86)\windows kits\10\include\10.0.10240.0\ucrt\string.h(119): note: see declaration of 'strcpy'
c:\users\lappy\documents\cloned repos\completed-university-work\cpts 122\programmingassignment3-musicmanager\programmingassignment3-musicmanager\functions.c(43): warning C4996: 'strtok': This function or variable may be unsafe. Consider using strtok_s instead. To disable deprecation, use _CRT_SECURE_NO_WARNINGS. See online help for details.
  c:\program files (x86)\windows kits\10\include\10.0.10240.0\ucrt\string.h(453): note: see declaration of 'strtok'
c:\users\lappy\documents\cloned repos\completed-university-work\cpts 122\programmingassignment3-musicmanager\programmingassignment3-musicmanager\functions.c(44): warning C4996: 'strtok': This function or variable may be unsafe. Consider using strtok_s instead. To disable deprecation, use _CRT_SECURE_NO_WARNINGS. See online help for details.
  c:\program files (x86)\windows kits\10\include\10.0.10240.0\ucrt\string.h(453): note: see declaration of 'strtok'
c:\users\lappy\documents\cloned repos\completed-university-work\cpts 122\programmingassignment3-musicmanager\programmingassignment3-musicmanager\functions.c(95): warning C4996: 'fopen': This function or variable may be unsafe. Consider using fopen_s instead. To disable deprecation, use _CRT_SECURE_NO_WARNINGS. See online help for details.
  c:\program files (x86)\windows kits\10\include\10.0.10240.0\ucrt\stdio.h(205): note: see declaration of 'fopen'
c:\users\lappy\documents\cloned repos\completed-university-work\cpts 122\programmingassignment3-musicmanager\programmingassignment3-musicmanager\functions.c(132): warning C4996: 'fopen': This function or variable may be unsafe. Consider using fopen_s instead. To disable deprecation, use _CRT_SECURE_NO_WARNINGS. See online help for details.
  c:\program files (x86)\windows kits\10\include\10.0.10240.0\ucrt\stdio.h(205): note: see declaration of 'fopen'
c:\users\lappy\documents\cloned repos\completed-university-work\cpts 122\programmingassignment3-musicmanager\programmingassignment3-musicmanager\functions.c(156): warning C4047: '!=': 'int' differs in levels of indirection from 'void *'
c:\users\lappy\documents\cloned repos\completed-university-work\cpts 122\programmingassignment3-musicmanager\programmingassignment3-musicmanager\functions.c(162): warning C4047: '=': 'char' differs in levels of indirection from 'void *'
c:\users\lappy\documents\cloned repos\completed-university-work\cpts 122\programmingassignment3-musicmanager\programmingassignment3-musicmanager\functions.c(184): warning C4047: '=': 'char' differs in levels of indirection from 'void *'
c:\users\lappy\documents\cloned repos\completed-university-work\cpts 122\programmingassignment3-musicmanager\programmingassignment3-musicmanager\functions.c(172): warning C4996: 'strcpy': This function or variable may be unsafe. Consider using strcpy_s instead. To disable deprecation, use _CRT_SECURE_NO_WARNINGS. See online help for details.
  c:\program files (x86)\windows kits\10\include\10.0.10240.0\ucrt\string.h(119): note: see declaration of 'strcpy'
c:\users\lappy\documents\cloned repos\completed-university-work\cpts 122\programmingassignment3-musicmanager\programmingassignment3-musicmanager\functions.c(174): warning C4996: 'strcpy': This function or variable may be unsafe. Consider using strcpy_s instead. To disable deprecation, use _CRT_SECURE_NO_WARNINGS. See online help for details.
  c:\program files (x86)\windows kits\10\include\10.0.10240.0\ucrt\string.h(119): note: see declaration of 'strcpy'
c:\users\lappy\documents\cloned repos\completed-university-work\cpts 122\programmingassignment3-musicmanager\programmingassignment3-musicmanager\functions.c(180): warning C4996: 'strtok': This function or variable may be unsafe. Consider using strtok_s instead. To disable deprecation, use _CRT_SECURE_NO_WARNINGS. See online help for details.
  c:\program files (x86)\windows kits\10\include\10.0.10240.0\ucrt\string.h(453): note: see declaration of 'strtok'
c:\users\lappy\documents\cloned repos\completed-university-work\cpts 122\programmingassignment3-musicmanager\programmingassignment3-musicmanager\functions.c(194): warning C4996: 'strtok': This function or variable may be unsafe. Consider using strtok_s instead. To disable deprecation, use _CRT_SECURE_NO_WARNINGS. See online help for details.
  c:\program files (x86)\windows kits\10\include\10.0.10240.0\ucrt\string.h(453): note: see declaration of 'strtok'
c:\users\lappy\documents\cloned repos\completed-university-work\cpts 122\programmingassignment3-musicmanager\programmingassignment3-musicmanager\functions.c(196): warning C4996: 'strtok': This function or variable may be unsafe. Consider using strtok_s instead. To disable deprecation, use _CRT_SECURE_NO_WARNINGS. See online help for details.
  c:\program files (x86)\windows kits\10\include\10.0.10240.0\ucrt\string.h(453): note: see declaration of 'strtok'
c:\users\lappy\documents\cloned repos\completed-university-work\cpts 122\programmingassignment3-musicmanager\programmingassignment3-musicmanager\functions.c(219): warning C4996: 'strtok': This function or variable may be unsafe. Consider using strtok_s instead. To disable deprecation, use _CRT_SECURE_NO_WARNINGS. See online help for details.
  c:\program files (x86)\windows kits\10\include\10.0.10240.0\ucrt\string.h(453): note: see declaration of 'strtok'
c:\users\lappy\documents\cloned repos\completed-university-work\cpts 122\programmingassignment3-musicmanager\programmingassignment3-musicmanager\functions.c(220): warning C4996: 'strcpy': This function or variable may be unsafe. Consider using strcpy_s instead. To disable deprecation, use _CRT_SECURE_NO_WARNINGS. See online help for details.
  c:\program files (x86)\windows kits\10\include\10.0.10240.0\ucrt\string.h(119): note: see declaration of 'strcpy'
c:\users\lappy\documents\cloned repos\completed-university-work\cpts 122\programmingassignment3-musicmanager\programmingassignment3-musicmanager\functions.c(224): warning C4996: 'strtok': This function or variable may be unsafe. Consider using strtok_s instead. To disable deprecation, use _CRT_SECURE_NO_WARNINGS. See online help for details.
  c:\program files (x86)\windows kits\10\include\10.0.10240.0\ucrt\string.h(453): note: see declaration of 'strtok'
c:\users\lappy\documents\cloned repos\completed-university-work\cpts 122\programmingassignment3-musicmanager\programmingassignment3-musicmanager\functions.c(225): warning C4996: 'strcpy': This function or variable may be unsafe. Consider using strcpy_s instead. To disable deprecation, use _CRT_SECURE_NO_WARNINGS. See online help for details.
  c:\program files (x86)\windows kits\10\include\10.0.10240.0\ucrt\string.h(119): note: see declaration of 'strcpy'
c:\users\lappy\documents\cloned repos\completed-university-work\cpts 122\programmingassignment3-musicmanager\programmingassignment3-musicmanager\functions.c(229): warning C4996: 'strtok': This function or variable may be unsafe. Consider using strtok_s instead. To disable deprecation, use _CRT_SECURE_NO_WARNINGS. See online help for details.
  c:\program files (x86)\windows kits\10\include\10.0.10240.0\ucrt\string.h(453): note: see declaration of 'strtok'
c:\users\lappy\documents\cloned repos\completed-university-work\cpts 122\programmingassignment3-musicmanager\programmingassignment3-musicmanager\functions.c(230): warning C4996: 'strcpy': This function or variable may be unsafe. Consider using strcpy_s instead. To disable deprecation, use _CRT_SECURE_NO_WARNINGS. See online help for details.
  c:\program files (x86)\windows kits\10\include\10.0.10240.0\ucrt\string.h(119): note: see declaration of 'strcpy'
c:\users\lappy\documents\cloned repos\completed-university-work\cpts 122\programmingassignment3-musicmanager\programmingassignment3-musicmanager\functions.c(234): warning C4996: 'strtok': This function or variable may be unsafe. Consider using strtok_s instead. To disable deprecation, use _CRT_SECURE_NO_WARNINGS. See online help for details.
  c:\program files (x86)\windows kits\10\include\10.0.10240.0\ucrt\string.h(453): note: see declaration of 'strtok'
c:\users\lappy\documents\cloned repos\completed-university-work\cpts 122\programmingassignment3-musicmanager\programmingassignment3-musicmanager\functions.c(235): warning C4996: 'strcpy': This function or variable may be unsafe. Consider using strcpy_s instead. To disable deprecation, use _CRT_SECURE_NO_WARNINGS. See online help for details.
  c:\program files (x86)\windows kits\10\include\10.0.10240.0\ucrt\string.h(119): note: see declaration of 'strcpy'
c:\users\lappy\documents\cloned repos\completed-university-work\cpts 122\programmingassignment3-musicmanager\programmingassignment3-musicmanager\functions.c(239): warning C4996: 'strtok': This function or variable may be unsafe. Consider using strtok_s instead. To disable deprecation, use _CRT_SECURE_NO_WARNINGS. See online help for details.
  c:\program files (x86)\windows kits\10\include\10.0.10240.0\ucrt\string.h(453): note: see declaration of 'strtok'
c:\users\lappy\documents\cloned repos\completed-university-work\cpts 122\programmingassignment3-musicmanager\programmingassignment3-musicmanager\functions.c(244): warning C4996: 'strtok': This function or variable may be unsafe. Consider using strtok_s instead. To disable deprecation, use _CRT_SECURE_NO_WARNINGS. See online help for details.
  c:\program files (x86)\windows kits\10\include\10.0.10240.0\ucrt\string.h(453): note: see declaration of 'strtok'
c:\users\lappy\documents\cloned repos\completed-university-work\cpts 122\programmingassignment3-musicmanager\programmingassignment3-musicmanager\functions.c(249): warning C4996: 'strtok': This function or variable may be unsafe. Consider using strtok_s instead. To disable deprecation, use _CRT_SECURE_NO_WARNINGS. See online help for details.
  c:\program files (x86)\windows kits\10\include\10.0.10240.0\ucrt\string.h(453): note: see declaration of 'strtok'
c:\users\lappy\documents\cloned repos\completed-university-work\cpts 122\programmingassignment3-musicmanager\programmingassignment3-musicmanager\functions.c(256): warning C4996: 'strtok': This function or variable may be unsafe. Consider using strtok_s instead. To disable deprecation, use _CRT_SECURE_NO_WARNINGS. See online help for details.
  c:\program files (x86)\windows kits\10\include\10.0.10240.0\ucrt\string.h(453): note: see declaration of 'strtok'
c:\users\lappy\documents\cloned repos\completed-university-work\cpts 122\programmingassignment3-musicmanager\programmingassignment3-musicmanager\functions.c(265): warning C4047: 'initializing': 'char' differs in levels of indirection from 'void *'
c:\users\lappy\documents\cloned repos\completed-university-work\cpts 122\programmingassignment3-musicmanager\programmingassignment3-musicmanager\functions.c(273): warning C4996: 'strtok': This function or variable may be unsafe. Consider using strtok_s instead. To disable deprecation, use _CRT_SECURE_NO_WARNINGS. See online help for details.
  c:\program files (x86)\windows kits\10\include\10.0.10240.0\ucrt\string.h(453): note: see declaration of 'strtok'
c:\users\lappy\documents\cloned repos\completed-university-work\cpts 122\programmingassignment3-musicmanager\programmingassignment3-musicmanager\functions.c(293): warning C4047: '==': 'int' differs in levels of indirection from 'void *'
c:\users\lappy\documents\cloned repos\completed-university-work\cpts 122\programmingassignment3-musicmanager\programmingassignment3-musicmanager\functions.c(284): warning C4101: 'input': unreferenced local variable
c:\users\lappy\documents\cloned repos\completed-university-work\cpts 122\programmingassignment3-musicmanager\programmingassignment3-musicmanager\functions.c(325): warning C4047: '==': 'int' differs in levels of indirection from 'void *'
c:\users\lappy\documents\cloned repos\completed-university-work\cpts 122\programmingassignment3-musicmanager\programmingassignment3-musicmanager\functions.c(316): warning C4101: 'input': unreferenced local variable
c:\users\lappy\documents\cloned repos\completed-university-work\cpts 122\programmingassignment3-musicmanager\programmingassignment3-musicmanager\functions.c(349): warning C4047: '==': 'int' differs in levels of indirection from 'void *'
c:\users\lappy\documents\cloned repos\completed-university-work\cpts 122\programmingassignment3-musicmanager\programmingassignment3-musicmanager\functions.c(350): warning C4047: '=': 'char' differs in levels of indirection from 'void *'
c:\users\lappy\documents\cloned repos\completed-university-work\cpts 122\programmingassignment3-musicmanager\programmingassignment3-musicmanager\functions.c(445): warning C4133: 'return': incompatible types - from 'List *' to 'Node *'
c:\users\lappy\documents\cloned repos\completed-university-work\cpts 122\programmingassignment3-musicmanager\programmingassignment3-musicmanager\functions.c(394): warning C4047: 'initializing': 'char' differs in levels of indirection from 'void *'
c:\users\lappy\documents\cloned repos\completed-university-work\cpts 122\programmingassignment3-musicmanager\programmingassignment3-musicmanager\functions.c(411): warning C4996: 'strcpy': This function or variable may be unsafe. Consider using strcpy_s instead. To disable deprecation, use _CRT_SECURE_NO_WARNINGS. See online help for details.
  c:\program files (x86)\windows kits\10\include\10.0.10240.0\ucrt\string.h(119): note: see declaration of 'strcpy'
c:\users\lappy\documents\cloned repos\completed-university-work\cpts 122\programmingassignment3-musicmanager\programmingassignment3-musicmanager\functions.c(412): warning C4996: 'strcpy': This function or variable may be unsafe. Consider using strcpy_s instead. To disable deprecation, use _CRT_SECURE_NO_WARNINGS. See online help for details.
  c:\program files (x86)\windows kits\10\include\10.0.10240.0\ucrt\string.h(119): note: see declaration of 'strcpy'
c:\users\lappy\documents\cloned repos\completed-university-work\cpts 122\programmingassignment3-musicmanager\programmingassignment3-musicmanager\functions.c(415): warning C4996: 'strcpy': This function or variable may be unsafe. Consider using strcpy_s instead. To disable deprecation, use _CRT_SECURE_NO_WARNINGS. See online help for details.
  c:\program files (x86)\windows kits\10\include\10.0.10240.0\ucrt\string.h(119): note: see declaration of 'strcpy'
c:\users\lappy\documents\cloned repos\completed-university-work\cpts 122\programmingassignment3-musicmanager\programmingassignment3-musicmanager\functions.c(416): warning C4996: 'strcpy': This function or variable may be unsafe. Consider using strcpy_s instead. To disable deprecation, use _CRT_SECURE_NO_WARNINGS. See online help for details.
  c:\program files (x86)\windows kits\10\include\10.0.10240.0\ucrt\string.h(119): note: see declaration of 'strcpy'
c:\users\lappy\documents\cloned repos\completed-university-work\cpts 122\programmingassignment3-musicmanager\programmingassignment3-musicmanager\functions.c(449): warning C4047: 'initializing': 'char' differs in levels of indirection from 'void *'
c:\users\lappy\documents\cloned repos\completed-university-work\cpts 122\programmingassignment3-musicmanager\programmingassignment3-musicmanager\functions.c(450): warning C4996: 'strcpy': This function or variable may be unsafe. Consider using strcpy_s instead. To disable deprecation, use _CRT_SECURE_NO_WARNINGS. See online help for details.
  c:\program files (x86)\windows kits\10\include\10.0.10240.0\ucrt\string.h(119): note: see declaration of 'strcpy'
c:\users\lappy\documents\cloned repos\completed-university-work\cpts 122\programmingassignment3-musicmanager\programmingassignment3-musicmanager\functions.c(453): warning C4996: 'strcpy': This function or variable may be unsafe. Consider using strcpy_s instead. To disable deprecation, use _CRT_SECURE_NO_WARNINGS. See online help for details.
  c:\program files (x86)\windows kits\10\include\10.0.10240.0\ucrt\string.h(119): note: see declaration of 'strcpy'
c:\users\lappy\documents\cloned repos\completed-university-work\cpts 122\programmingassignment3-musicmanager\programmingassignment3-musicmanager\functions.c(458): warning C4013: 'time' undefined; assuming extern returning int
c:\users\lappy\documents\cloned repos\completed-university-work\cpts 122\programmingassignment3-musicmanager\programmingassignment3-musicmanager\functions.c(454): warning C4172: returning address of local variable or temporary: safeArtist
  ProgrammingAssignment3-MusicManager.vcxproj -> C:\Users\Lappy\Documents\Cloned Repos\Completed-University-Work\Cpts 122\ProgrammingAssignment3-MusicManager\Debug\ProgrammingAssignment3-MusicManager.exe
  ProgrammingAssignment3-MusicManager.vcxproj -> C:\Users\Lappy\Documents\Cloned Repos\Completed-University-Work\Cpts 122\ProgrammingAssignment3-MusicManager\Debug\ProgrammingAssignment3-MusicManager.pdb (Full PDB)
